# JRE version: Java(TM) SE Runtime Environment (8.0_102-b14) (build 1.8.0_102-b14)
# Java VM: Java HotSpot(TM) 64-Bit Server VM (25.102-b14 mixed mode windows-amd64 compressed oops)
Heap:
 PSYoungGen      total 100352K, used 18763K [0x00000000d5f00000, 0x00000000de400000, 0x0000000100000000)
  eden space 87040K, 21% used [0x00000000d5f00000,0x00000000d7152d68,0x00000000db400000)
  from space 13312K, 0% used [0x00000000db400000,0x00000000db400000,0x00000000dc100000)
  to   space 13824K, 0% used [0x00000000dd680000,0x00000000dd680000,0x00000000de400000)
 ParOldGen       total 124416K, used 28189K [0x0000000081c00000, 0x0000000089580000, 0x00000000d5f00000)
  object space 124416K, 22% used [0x0000000081c00000,0x0000000083787590,0x0000000089580000)
 Metaspace       used 35194K, capacity 35722K, committed 35928K, reserved 1079296K
  class space    used 6513K, capacity 6615K, committed 6656K, reserved 1048576K
GC Heap History (10 events):
Event: 2.605 GC heap before
{Heap before GC invocations=5 (full 1):
 PSYoungGen      total 71680K, used 5104K [0x00000000d5f00000, 0x00000000daa00000, 0x0000000100000000)
  eden space 66560K, 0% used [0x00000000d5f00000,0x00000000d5f00000,0x00000000da000000)
  from space 5120K, 99% used [0x00000000da500000,0x00000000da9fc010,0x00000000daa00000)
  to   space 5120K, 0% used [0x00000000da000000,0x00000000da000000,0x00000000da500000)
 ParOldGen       total 87552K, used 17873K [0x0000000081c00000, 0x0000000087180000, 0x00000000d5f00000)
  object space 87552K, 20% used [0x0000000081c00000,0x0000000082d74658,0x0000000087180000)
 Metaspace       used 20843K, capacity 21122K, committed 21248K, reserved 1067008K
  class space    used 2892K, capacity 2983K, committed 3072K, reserved 1048576K
Event: 2.766 GC heap after
Heap after GC invocations=5 (full 1):
 PSYoungGen      total 71680K, used 0K [0x00000000d5f00000, 0x00000000daa00000, 0x0000000100000000)
  eden space 66560K, 0% used [0x00000000d5f00000,0x00000000d5f00000,0x00000000da000000)
  from space 5120K, 0% used [0x00000000da500000,0x00000000da500000,0x00000000daa00000)
  to   space 5120K, 0% used [0x00000000da000000,0x00000000da000000,0x00000000da500000)
 ParOldGen       total 79360K, used 18643K [0x0000000081c00000, 0x0000000086980000, 0x00000000d5f00000)
  object space 79360K, 23% used [0x0000000081c00000,0x0000000082e34ca8,0x0000000086980000)
 Metaspace       used 20843K, capacity 21122K, committed 21248K, reserved 1067008K
  class space    used 2892K, capacity 2983K, committed 3072K, reserved 1048576K
}
Event: 3.924 GC heap before
{Heap before GC invocations=6 (full 1):
 PSYoungGen      total 71680K, used 66560K [0x00000000d5f00000, 0x00000000daa00000, 0x0000000100000000)
  eden space 66560K, 100% used [0x00000000d5f00000,0x00000000da000000,0x00000000da000000)
  from space 5120K, 0% used [0x00000000da500000,0x00000000da500000,0x00000000daa00000)
  to   space 5120K, 0% used [0x00000000da000000,0x00000000da000000,0x00000000da500000)
 ParOldGen       total 79360K, used 18643K [0x0000000081c00000, 0x0000000086980000, 0x00000000d5f00000)
  object space 79360K, 23% used [0x0000000081c00000,0x0000000082e34ca8,0x0000000086980000)
 Metaspace       used 25209K, capacity 25528K, committed 25728K, reserved 1071104K
  class space    used 4584K, capacity 4682K, committed 4736K, reserved 1048576K
Event: 3.930 GC heap after
Heap after GC invocations=6 (full 1):
 PSYoungGen      total 71680K, used 3296K [0x00000000d5f00000, 0x00000000dd280000, 0x0000000100000000)
  eden space 66560K, 0% used [0x00000000d5f00000,0x00000000d5f00000,0x00000000da000000)
  from space 5120K, 64% used [0x00000000da000000,0x00000000da338000,0x00000000da500000)
  to   space 13824K, 0% used [0x00000000dc500000,0x00000000dc500000,0x00000000dd280000)
 ParOldGen       total 79360K, used 18651K [0x0000000081c00000, 0x0000000086980000, 0x00000000d5f00000)
  object space 79360K, 23% used [0x0000000081c00000,0x0000000082e36ca8,0x0000000086980000)
 Metaspace       used 25209K, capacity 25528K, committed 25728K, reserved 1071104K
  class space    used 4584K, capacity 4682K, committed 4736K, reserved 1048576K
}
Event: 10.017 GC heap before
{Heap before GC invocations=7 (full 1):
 PSYoungGen      total 71680K, used 69856K [0x00000000d5f00000, 0x00000000dd280000, 0x0000000100000000)
  eden space 66560K, 100% used [0x00000000d5f00000,0x00000000da000000,0x00000000da000000)
  from space 5120K, 64% used [0x00000000da000000,0x00000000da338000,0x00000000da500000)
  to   space 13824K, 0% used [0x00000000dc500000,0x00000000dc500000,0x00000000dd280000)
 ParOldGen       total 79360K, used 18651K [0x0000000081c00000, 0x0000000086980000, 0x00000000d5f00000)
  object space 79360K, 23% used [0x0000000081c00000,0x0000000082e36ca8,0x0000000086980000)
 Metaspace       used 31342K, capacity 31760K, committed 32128K, reserved 1075200K
  class space    used 6123K, capacity 6232K, committed 6272K, reserved 1048576K
Event: 10.029 GC heap after
Heap after GC invocations=7 (full 1):
 PSYoungGen      total 95744K, used 9161K [0x00000000d5f00000, 0x00000000dce00000, 0x0000000100000000)
  eden space 86528K, 0% used [0x00000000d5f00000,0x00000000d5f00000,0x00000000db380000)
  from space 9216K, 99% used [0x00000000dc500000,0x00000000dcdf24c0,0x00000000dce00000)
  to   space 13312K, 0% used [0x00000000db400000,0x00000000db400000,0x00000000dc100000)
 ParOldGen       total 79360K, used 18659K [0x0000000081c00000, 0x0000000086980000, 0x00000000d5f00000)
  object space 79360K, 23% used [0x0000000081c00000,0x0000000082e38ca8,0x0000000086980000)
 Metaspace       used 31342K, capacity 31760K, committed 32128K, reserved 1075200K
  class space    used 6123K, capacity 6232K, committed 6272K, reserved 1048576K
}
Event: 16.522 GC heap before
{Heap before GC invocations=8 (full 1):
 PSYoungGen      total 95744K, used 30833K [0x00000000d5f00000, 0x00000000dce00000, 0x0000000100000000)
  eden space 86528K, 25% used [0x00000000d5f00000,0x00000000d742a240,0x00000000db380000)
  from space 9216K, 99% used [0x00000000dc500000,0x00000000dcdf24c0,0x00000000dce00000)
  to   space 13312K, 0% used [0x00000000db400000,0x00000000db400000,0x00000000dc100000)
 ParOldGen       total 79360K, used 18659K [0x0000000081c00000, 0x0000000086980000, 0x00000000d5f00000)
  object space 79360K, 23% used [0x0000000081c00000,0x0000000082e38ca8,0x0000000086980000)
 Metaspace       used 34855K, capacity 35318K, committed 35416K, reserved 1079296K
  class space    used 6502K, capacity 6601K, committed 6656K, reserved 1048576K
Event: 16.552 GC heap after
Heap after GC invocations=8 (full 1):
 PSYoungGen      total 100352K, used 10607K [0x00000000d5f00000, 0x00000000de400000, 0x0000000100000000)
  eden space 87040K, 0% used [0x00000000d5f00000,0x00000000d5f00000,0x00000000db400000)
  from space 13312K, 79% used [0x00000000db400000,0x00000000dbe5bc50,0x00000000dc100000)
  to   space 13824K, 0% used [0x00000000dd680000,0x00000000dd680000,0x00000000de400000)
 ParOldGen       total 79360K, used 18731K [0x0000000081c00000, 0x0000000086980000, 0x00000000d5f00000)
  object space 79360K, 23% used [0x0000000081c00000,0x0000000082e4acb8,0x0000000086980000)
 Metaspace       used 34855K, capacity 35318K, committed 35416K, reserved 1079296K
  class space    used 6502K, capacity 6601K, committed 6656K, reserved 1048576K
}
Event: 16.552 GC heap before
{Heap before GC invocations=9 (full 2):
 PSYoungGen      total 100352K, used 10607K [0x00000000d5f00000, 0x00000000de400000, 0x0000000100000000)
  eden space 87040K, 0% used [0x00000000d5f00000,0x00000000d5f00000,0x00000000db400000)
  from space 13312K, 79% used [0x00000000db400000,0x00000000dbe5bc50,0x00000000dc100000)
  to   space 13824K, 0% used [0x00000000dd680000,0x00000000dd680000,0x00000000de400000)
 ParOldGen       total 79360K, used 18731K [0x0000000081c00000, 0x0000000086980000, 0x00000000d5f00000)
  object space 79360K, 23% used [0x0000000081c00000,0x0000000082e4acb8,0x0000000086980000)
 Metaspace       used 34855K, capacity 35318K, committed 35416K, reserved 1079296K
  class space    used 6502K, capacity 6601K, committed 6656K, reserved 1048576K
Event: 16.729 GC heap after
Heap after GC invocations=9 (full 2):
 PSYoungGen      total 100352K, used 0K [0x00000000d5f00000, 0x00000000de400000, 0x0000000100000000)
  eden space 87040K, 0% used [0x00000000d5f00000,0x00000000d5f00000,0x00000000db400000)
  from space 13312K, 0% used [0x00000000db400000,0x00000000db400000,0x00000000dc100000)
  to   space 13824K, 0% used [0x00000000dd680000,0x00000000dd680000,0x00000000de400000)
 ParOldGen       total 124416K, used 28189K [0x0000000081c00000, 0x0000000089580000, 0x00000000d5f00000)
  object space 124416K, 22% used [0x0000000081c00000,0x0000000083787590,0x0000000089580000)
 Metaspace       used 34855K, capacity 35318K, committed 35416K, reserved 1079296K
  class space    used 6502K, capacity 6601K, committed 6656K, reserved 1048576K
}

